LRU Algorithm
Frames in Mem: 10, Hits: 82039, Misses: 81801, Swap out: 4151, Swap in: 77640, Swap I/O: 81791, Hit Ratio: 0.500726
swap on HDD takes 413106000.000000 mu-seconds
swap on SSD takes 3393850.000000 mu-seconds
swap on PCM takes 7122.100000 mu-seconds
LRU Algorithm
Frames in Mem: 10, Hits: 82019, Misses: 81821, Swap out: 4114, Swap in: 77697, Swap I/O: 81811, Hit Ratio: 0.500604
swap on HDD takes 413169000.000000 mu-seconds
swap on SSD takes 3382325.000000 mu-seconds
swap on PCM takes 7107.305000 mu-seconds
LRU Algorithm
Frames in Mem: 10, Hits: 82316, Misses: 81524, Swap out: 4124, Swap in: 77390, Swap I/O: 81514, Hit Ratio: 0.502417
swap on HDD takes 411694000.000000 mu-seconds
swap on SSD takes 3378150.000000 mu-seconds
swap on PCM takes 7092.350000 mu-seconds
LRU Algorithm
Frames in Mem: 10, Hits: 82190, Misses: 81650, Swap out: 4100, Swap in: 77540, Swap I/O: 81640, Hit Ratio: 0.501648
swap on HDD takes 412300000.000000 mu-seconds
swap on SSD takes 3373500.000000 mu-seconds
swap on PCM takes 7090.100000 mu-seconds
LRU Algorithm
Frames in Mem: 10, Hits: 82172, Misses: 81668, Swap out: 4166, Swap in: 77492, Swap I/O: 81658, Hit Ratio: 0.501538
swap on HDD takes 412456000.000000 mu-seconds
swap on SSD takes 3395400.000000 mu-seconds
swap on PCM takes 7119.980000 mu-seconds
LRU Algorithm
Frames in Mem: 10, Hits: 81950, Misses: 81890, Swap out: 4148, Swap in: 77732, Swap I/O: 81880, Hit Ratio: 0.500183
swap on HDD takes 413548000.000000 mu-seconds
swap on SSD takes 3395100.000000 mu-seconds
swap on PCM takes 7126.580000 mu-seconds
LRU Algorithm
Frames in Mem: 10, Hits: 81562, Misses: 82278, Swap out: 4107, Swap in: 78161, Swap I/O: 82268, Hit Ratio: 0.497815
swap on HDD takes 415447000.000000 mu-seconds
swap on SSD takes 3391475.000000 mu-seconds
swap on PCM takes 7133.965000 mu-seconds
LRU Algorithm
Frames in Mem: 10, Hits: 81736, Misses: 82104, Swap out: 4143, Swap in: 77951, Swap I/O: 82094, Hit Ratio: 0.498877
swap on HDD takes 414613000.000000 mu-seconds
swap on SSD takes 3398825.000000 mu-seconds
swap on PCM takes 7138.315000 mu-seconds
LRU Algorithm
Frames in Mem: 10, Hits: 81792, Misses: 82048, Swap out: 4216, Swap in: 77822, Swap I/O: 82038, Hit Ratio: 0.499219
swap on HDD takes 414406000.000000 mu-seconds
swap on SSD takes 3421150.000000 mu-seconds
swap on PCM takes 7166.430000 mu-seconds
LRU Algorithm
Frames in Mem: 10, Hits: 82218, Misses: 81622, Swap out: 4112, Swap in: 77500, Swap I/O: 81612, Hit Ratio: 0.501819
swap on HDD takes 412172000.000000 mu-seconds
swap on SSD takes 3376700.000000 mu-seconds
swap on PCM takes 7093.500000 mu-seconds
