LRU Algorithm
Frames in Mem: 10, Hits: 41074, Misses: 40846, Swap out: 2075, Swap in: 38761, Swap I/O: 40836, Hit Ratio: 0.501392
swap on HDD takes 206255000.000000 mu-seconds
swap on SSD takes 1695275.000000 mu-seconds
swap on PCM takes 3556.965000 mu-seconds
LRU Algorithm
Frames in Mem: 10, Hits: 40895, Misses: 41025, Swap out: 2096, Swap in: 38919, Swap I/O: 41015, Hit Ratio: 0.499207
swap on HDD takes 207171000.000000 mu-seconds
swap on SSD takes 1706575.000000 mu-seconds
swap on PCM takes 3577.735000 mu-seconds
LRU Algorithm
Frames in Mem: 10, Hits: 40681, Misses: 41239, Swap out: 2081, Swap in: 39148, Swap I/O: 41229, Hit Ratio: 0.496594
swap on HDD takes 208226000.000000 mu-seconds
swap on SSD takes 1707050.000000 mu-seconds
swap on PCM takes 3585.120000 mu-seconds
LRU Algorithm
Frames in Mem: 10, Hits: 41018, Misses: 40902, Swap out: 2074, Swap in: 38818, Swap I/O: 40892, Hit Ratio: 0.500708
swap on HDD takes 206534000.000000 mu-seconds
swap on SSD takes 1696350.000000 mu-seconds
swap on PCM takes 3560.170000 mu-seconds
LRU Algorithm
Frames in Mem: 10, Hits: 40889, Misses: 41031, Swap out: 2154, Swap in: 38867, Swap I/O: 41021, Hit Ratio: 0.499133
swap on HDD takes 207259000.000000 mu-seconds
swap on SSD takes 1725575.000000 mu-seconds
swap on PCM takes 3603.355000 mu-seconds
LRU Algorithm
Frames in Mem: 10, Hits: 41052, Misses: 40868, Swap out: 2098, Swap in: 38760, Swap I/O: 40858, Hit Ratio: 0.501123
swap on HDD takes 206388000.000000 mu-seconds
swap on SSD takes 1703300.000000 mu-seconds
swap on PCM takes 3568.400000 mu-seconds
LRU Algorithm
Frames in Mem: 10, Hits: 40891, Misses: 41029, Swap out: 2116, Swap in: 38903, Swap I/O: 41019, Hit Ratio: 0.499158
swap on HDD takes 207211000.000000 mu-seconds
swap on SSD takes 1713175.000000 mu-seconds
swap on PCM takes 3586.695000 mu-seconds
LRU Algorithm
Frames in Mem: 10, Hits: 40939, Misses: 40981, Swap out: 2083, Swap in: 38888, Swap I/O: 40971, Hit Ratio: 0.499744
swap on HDD takes 206938000.000000 mu-seconds
swap on SSD takes 1701250.000000 mu-seconds
swap on PCM takes 3569.220000 mu-seconds
LRU Algorithm
Frames in Mem: 10, Hits: 40889, Misses: 41031, Swap out: 2087, Swap in: 38934, Swap I/O: 41021, Hit Ratio: 0.499133
swap on HDD takes 207192000.000000 mu-seconds
swap on SSD takes 1703800.000000 mu-seconds
swap on PCM takes 3574.210000 mu-seconds
LRU Algorithm
Frames in Mem: 10, Hits: 41167, Misses: 40753, Swap out: 2053, Swap in: 38690, Swap I/O: 40743, Hit Ratio: 0.502527
swap on HDD takes 205768000.000000 mu-seconds
swap on SSD takes 1685800.000000 mu-seconds
swap on PCM takes 3541.350000 mu-seconds
