LRU Algorithm
Frames in Mem: 10, Hits: 654290, Misses: 656430, Swap out: 32828, Swap in: 623592, Swap I/O: 656420, Hit Ratio: 0.499184
swap on HDD takes 3314928000.000000 mu-seconds
swap on SSD takes 27079600.000000 mu-seconds
swap on PCM takes 56947.480000 mu-seconds
LRU Algorithm
Frames in Mem: 10, Hits: 655641, Misses: 655079, Swap out: 32642, Swap in: 622427, Swap I/O: 655069, Hit Ratio: 0.500214
swap on HDD takes 3307987000.000000 mu-seconds
swap on SSD takes 26985375.000000 mu-seconds
swap on PCM takes 56778.755000 mu-seconds
LRU Algorithm
Frames in Mem: 10, Hits: 655104, Misses: 655616, Swap out: 32844, Swap in: 622762, Swap I/O: 655606, Hit Ratio: 0.499805
swap on HDD takes 3310874000.000000 mu-seconds
swap on SSD takes 27064450.000000 mu-seconds
swap on PCM takes 56901.530000 mu-seconds
LRU Algorithm
Frames in Mem: 10, Hits: 654768, Misses: 655952, Swap out: 32877, Swap in: 623065, Swap I/O: 655942, Hit Ratio: 0.499548
swap on HDD takes 3312587000.000000 mu-seconds
swap on SSD takes 27083575.000000 mu-seconds
swap on PCM takes 56937.725000 mu-seconds
LRU Algorithm
Frames in Mem: 10, Hits: 655422, Misses: 655298, Swap out: 32763, Swap in: 622525, Swap I/O: 655288, Hit Ratio: 0.500047
swap on HDD takes 3309203000.000000 mu-seconds
swap on SSD takes 27030175.000000 mu-seconds
swap on PCM takes 56845.625000 mu-seconds
LRU Algorithm
Frames in Mem: 10, Hits: 654857, Misses: 655863, Swap out: 32882, Swap in: 622971, Swap I/O: 655853, Hit Ratio: 0.499616
swap on HDD takes 3312147000.000000 mu-seconds
swap on SSD takes 27082975.000000 mu-seconds
swap on PCM takes 56934.115000 mu-seconds
LRU Algorithm
Frames in Mem: 10, Hits: 655668, Misses: 655052, Swap out: 32843, Swap in: 622199, Swap I/O: 655042, Hit Ratio: 0.500235
swap on HDD takes 3308053000.000000 mu-seconds
swap on SSD takes 27050025.000000 mu-seconds
swap on PCM takes 56864.435000 mu-seconds
LRU Algorithm
Frames in Mem: 10, Hits: 654759, Misses: 655961, Swap out: 32653, Swap in: 623298, Swap I/O: 655951, Hit Ratio: 0.499541
swap on HDD takes 3312408000.000000 mu-seconds
swap on SSD takes 27011000.000000 mu-seconds
swap on PCM takes 56840.870000 mu-seconds
LRU Algorithm
Frames in Mem: 10, Hits: 654595, Misses: 656125, Swap out: 32731, Swap in: 623384, Swap I/O: 656115, Hit Ratio: 0.499416
swap on HDD takes 3313306000.000000 mu-seconds
swap on SSD takes 27040450.000000 mu-seconds
swap on PCM takes 56885.460000 mu-seconds
LRU Algorithm
Frames in Mem: 10, Hits: 655460, Misses: 655260, Swap out: 32820, Swap in: 622430, Swap I/O: 655250, Hit Ratio: 0.500076
swap on HDD takes 3309070000.000000 mu-seconds
swap on SSD takes 27047750.000000 mu-seconds
swap on PCM takes 56867.950000 mu-seconds
